<?xml version="1.0" encoding="UTF-8"?>
<testsuite name="TestSuite" time="98.65" tests="2" errors="0" skipped="0" failures="1">
  <properties>
[...]
</properties>
  <testcase name="feature" classname="runner.RunCuke" time="98.65"/>
  <testcase name="feature" classname="runner.RunCuke" time="57.634">
    <failure message="org.openqa.selenium.NoSuchElementException: Cannot locate element with text: AUDI&#10;For documentation on this error, please visit: http://seleniumhq.org/exceptions/no_such_element.html&#10;Build info: version: &apos;2.53.1&apos;, revision: &apos;a36b8b1cd5757287168e54b817830adce9b0158d&apos;, time: &apos;2016-06-30 19:26:09&apos;&#10;System info: host: &apos;DESKTOP-3SUJPVT&apos;, ip: &apos;192.168.211.1&apos;, os.name: &apos;Windows 10&apos;, os.arch: &apos;amd64&apos;, os.version: &apos;10.0&apos;, java.version: &apos;1.8.0_181&apos;&#10;Driver info: driver.version: unknown" type="cucumber.runtime.CucumberException">cucumber.runtime.CucumberException: org.openqa.selenium.NoSuchElementException: Cannot locate element with text: AUDI
For documentation on this error, please visit: http://seleniumhq.org/exceptions/no_such_element.html
Build info: version: '2.53.1', revision: 'a36b8b1cd5757287168e54b817830adce9b0158d', time: '2016-06-30 19:26:09'
System info: host: 'DESKTOP-3SUJPVT', ip: '192.168.211.1', os.name: 'Windows 10', os.arch: 'amd64', os.version: '10.0', java.version: '1.8.0_181'
Driver info: driver.version: unknown
	at cucumber.api.testng.TestNGCucumberRunner.runCucumber(TestNGCucumberRunner.java:69)
	at cucumber.api.testng.AbstractTestNGCucumberTests.feature(AbstractTestNGCucumberTests.java:21)
	at sun.reflect.NativeMethodAccessorImpl.invoke0(Native Method)
	at sun.reflect.NativeMethodAccessorImpl.invoke(NativeMethodAccessorImpl.java:62)
	at sun.reflect.DelegatingMethodAccessorImpl.invoke(DelegatingMethodAccessorImpl.java:43)
	at java.lang.reflect.Method.invoke(Method.java:498)
	at org.testng.internal.MethodInvocationHelper.invokeMethod(MethodInvocationHelper.java:86)
	at org.testng.internal.Invoker.invokeMethod(Invoker.java:643)
	at org.testng.internal.Invoker.invokeTestMethod(Invoker.java:820)
	at org.testng.internal.Invoker.invokeTestMethods(Invoker.java:1128)
	at org.testng.internal.TestMethodWorker.invokeTestMethods(TestMethodWorker.java:129)
	at org.testng.internal.TestMethodWorker.run(TestMethodWorker.java:112)
	at org.testng.TestRunner.privateRun(TestRunner.java:782)
	at org.testng.TestRunner.run(TestRunner.java:632)
	at org.testng.SuiteRunner.runTest(SuiteRunner.java:366)
	at org.testng.SuiteRunner.runSequentially(SuiteRunner.java:361)
	at org.testng.SuiteRunner.privateRun(SuiteRunner.java:319)
	at org.testng.SuiteRunner.run(SuiteRunner.java:268)
	at org.testng.SuiteRunnerWorker.runSuite(SuiteRunnerWorker.java:52)
	at org.testng.SuiteRunnerWorker.run(SuiteRunnerWorker.java:86)
	at org.testng.TestNG.runSuitesSequentially(TestNG.java:1244)
	at org.testng.TestNG.runSuitesLocally(TestNG.java:1169)
	at org.testng.TestNG.run(TestNG.java:1064)
	at org.apache.maven.surefire.testng.TestNGExecutor.run(TestNGExecutor.java:295)
	at org.apache.maven.surefire.testng.TestNGXmlTestSuite.execute(TestNGXmlTestSuite.java:84)
	at org.apache.maven.surefire.testng.TestNGProvider.invoke(TestNGProvider.java:90)
	at org.apache.maven.surefire.booter.ForkedBooter.invokeProviderInSameClassLoader(ForkedBooter.java:203)
	at org.apache.maven.surefire.booter.ForkedBooter.runSuitesInProcess(ForkedBooter.java:155)
	at org.apache.maven.surefire.booter.ForkedBooter.main(ForkedBooter.java:103)
Caused by: org.openqa.selenium.NoSuchElementException: Cannot locate element with text: AUDI
For documentation on this error, please visit: http://seleniumhq.org/exceptions/no_such_element.html
Build info: version: '2.53.1', revision: 'a36b8b1cd5757287168e54b817830adce9b0158d', time: '2016-06-30 19:26:09'
System info: host: 'DESKTOP-3SUJPVT', ip: '192.168.211.1', os.name: 'Windows 10', os.arch: 'amd64', os.version: '10.0', java.version: '1.8.0_181'
Driver info: driver.version: unknown
	at org.openqa.selenium.support.ui.Select.selectByVisibleText(Select.java:150)
	at pages.actions.UsedSearchCarsActions.selectCarMake(UsedSearchCarsActions.java:25)
	at steps.UsedCarsSearchSteps.select_carbrand_as_from_AnyMake_dropdown_on_Used_Search_Car_page(UsedCarsSearchSteps.java:26)
	at ✽.And select carbrand as "AUDI" from AnyMake dropdown on Used Search Car page(UsedCarsSearch.feature:16)
</failure>
    <system-out><![CDATA[@Used-Search-Cars
Feature: Acceptance testing to validate Used Search Cars page is working fine.
   
    In order to validate that
    The Used Search cars page is working fine
    We will do the Acceptance testing
Menu Selected is Cars For Sale
true

  @Used-Search-Cars-Positive
  Scenario: Validate Used Search Cars Page                                                   &amp#27;[90m# UsedCarsSearch.feature:9&amp#27;[0m
    &amp#27;[32mGiven &amp#27;[0m&amp#27;[32mI am on the Home page "&amp#27;[0m&amp#27;[32m&amp#27;[1mhttps://www.carsguide.com.au/&amp#27;[0m&amp#27;[32m" of CarsGuide website&amp#27;[0m         &amp#27;[90m# SearchCarsSteps.i_am_on_the_Home_page_of_CarsGuide_website(String)&amp#27;[0m
    &amp#27;[32mWhen &amp#27;[0m&amp#27;[32mI move to menu&amp#27;[0m                                                                      &amp#27;[90m# SearchCarsSteps.i_move_to_menu(String>)&amp#27;[0m
    &amp#27;[32mAnd &amp#27;[0m&amp#27;[32mclick on "&amp#27;[0m&amp#27;[32m&amp#27;[1mUsed Search Car &amp#27;[0m&amp#27;[32m" link on Used  Search Cars page&amp#27;[0m                           &amp#27;[90m# UsedCarsSearchSteps.click_on_link_on_Used_Search_Cars_page(String)&amp#27;[0m
    &amp#27;[31mAnd &amp#27;[0m&amp#27;[31mselect carbrand as "&amp#27;[0m&amp#27;[31m&amp#27;[1mAUDI&amp#27;[0m&amp#27;[31m" from AnyMake dropdown on Used Search Car page&amp#27;[0m              &amp#27;[90m# UsedCarsSearchSteps.select_carbrand_as_from_AnyMake_dropdown_on_Used_Search_Car_page(String)&amp#27;[0m
      &amp#27;[31morg.openqa.selenium.NoSuchElementException: Cannot locate element with text: AUDI
      For documentation on this error, please visit: http://seleniumhq.org/exceptions/no_such_element.html
      Build info: version: '2.53.1', revision: 'a36b8b1cd5757287168e54b817830adce9b0158d', time: '2016-06-30 19:26:09'
      System info: host: 'DESKTOP-3SUJPVT', ip: '192.168.211.1', os.name: 'Windows 10', os.arch: 'amd64', os.version: '10.0', java.version: '1.8.0_181'
      Driver info: driver.version: unknown
      	at org.openqa.selenium.support.ui.Select.selectByVisibleText(Select.java:150)
      	at pages.actions.UsedSearchCarsActions.selectCarMake(UsedSearchCarsActions.java:25)
      	at steps.UsedCarsSearchSteps.select_carbrand_as_from_AnyMake_dropdown_on_Used_Search_Car_page(UsedCarsSearchSteps.java:26)
      	at ?.And select carbrand as "AUDI" from AnyMake dropdown on Used Search Car page(UsedCarsSearch.feature:16)
      &amp#27;[0m
    &amp#27;[36mAnd &amp#27;[0m&amp#27;[36mselect car model&amp#27;[0m                                                                     &amp#27;[90m# UsedCarsSearchSteps.select_car_model(String>)&amp#27;[0m
    &amp#27;[36mAnd &amp#27;[0m&amp#27;[36mselect location as "&amp#27;[0m&amp#27;[36m&amp#27;[1mNT - South&amp#27;[0m&amp#27;[36m" from SelectLocation dropdown on Used Search Car page&amp#27;[0m &amp#27;[90m# UsedCarsSearchSteps.select_location_as_from_SelectLocation_dropdown_on_Used_Search_Car_page(String)&amp#27;[0m
    &amp#27;[36mAnd &amp#27;[0m&amp#27;[36mselect price as "&amp#27;[0m&amp#27;[36m&amp#27;[1m$3,000&amp#27;[0m&amp#27;[36m" from Price dropdown on Used Search Car page&amp#27;[0m                 &amp#27;[90m# UsedCarsSearchSteps.select_price_as_from_Price_dropdown_on_Used_Search_Car_page(String)&amp#27;[0m
    &amp#27;[36mAnd &amp#27;[0m&amp#27;[36mclick on Find_My_Next_Car button on Used Search Cars page&amp#27;[0m                            &amp#27;[90m# UsedCarsSearchSteps.click_on_Find_My_Next_Car_button_on_Used_Search_Cars_page()&amp#27;[0m
    &amp#27;[36mThen &amp#27;[0m&amp#27;[36mI should see the list of Searched Cars on Used  Search Cars page&amp#27;[0m                    &amp#27;[90m# UsedCarsSearchSteps.i_should_see_the_list_of_Searched_Cars_on_Used_Search_Cars_page()&amp#27;[0m
    &amp#27;[36mAnd &amp#27;[0m&amp#27;[36mthe page title should be "&amp#27;[0m&amp#27;[36m&amp#27;[1mUsed Audi A4 Under 3000 for Sale Sount NT | carsguide&amp#27;[0m&amp#27;[36m"&amp#27;[0m     &amp#27;[90m# SearchCarsSteps.the_page_title_should_be(String)&amp#27;[0m
]]></system-out>
  </testcase>
</testsuite>